Arguments: 
  /usr/local/Cellar/node/9.3.0_1/bin/node /usr/local/bin/yarn seed

PATH: 
  /usr/local/bin:/usr/bin:/bin:/usr/sbin:/sbin

Yarn version: 
  1.5.1

Node version: 
  9.3.0

Platform: 
  darwin x64

npm manifest: 
  {
    "name": "mern",
    "version": "0.1.0",
    "private": true,
    "proxy": "http://localhost:3001/",
    "dependencies": {
      "axios": "^0.16.2",
      "react": "^16.0.0",
      "react-dom": "^16.0.0",
      "react-router-dom": "^4.1.2",
      "react-scripts": "1.0.14"
    },
    "scripts": {
      "start": "react-scripts start",
      "build": "react-scripts build",
      "test": "react-scripts test --env=jsdom",
      "eject": "react-scripts eject"
    }
  }

yarn manifest: 
  No manifest

Lockfile: 
  No lockfile

Trace: 
  Error: Command "seed" not found.
      at new MessageError (/usr/local/lib/node_modules/yarn/lib/cli.js:186:110)
      at /usr/local/lib/node_modules/yarn/lib/cli.js:87307:17
      at Generator.next (<anonymous>)
      at step (/usr/local/lib/node_modules/yarn/lib/cli.js:98:30)
      at /usr/local/lib/node_modules/yarn/lib/cli.js:116:14
      at new Promise (<anonymous>)
      at new F (/usr/local/lib/node_modules/yarn/lib/cli.js:23451:28)
      at /usr/local/lib/node_modules/yarn/lib/cli.js:95:12
      at runCommand (/usr/local/lib/node_modules/yarn/lib/cli.js:87312:22)
      at Object.<anonymous> (/usr/local/lib/node_modules/yarn/lib/cli.js:87412:14)
